{"D:\\node\\index.js": {"path":"D:\\node\\index.js","statementMap":{"0":{"start":{"line":1,"column":16},"end":{"line":1,"column":34}},"1":{"start":{"line":2,"column":0},"end":{"line":2,"column":31}},"2":{"start":{"line":3,"column":12},"end":{"line":3,"column":21}},"3":{"start":{"line":5,"column":0},"end":{"line":5,"column":26}},"4":{"start":{"line":6,"column":0},"end":{"line":6,"column":29}},"5":{"start":{"line":9,"column":0},"end":{"line":9,"column":25}},"6":{"start":{"line":10,"column":0},"end":{"line":10,"column":32}},"7":{"start":{"line":12,"column":15},"end":{"line":12,"column":75}},"8":{"start":{"line":12,"column":40},"end":{"line":12,"column":72}},"9":{"start":{"line":14,"column":0},"end":{"line":14,"column":23}}},"fnMap":{"0":{"name":"(anonymous_0)","decl":{"start":{"line":12,"column":32},"end":{"line":12,"column":33}},"loc":{"start":{"line":12,"column":38},"end":{"line":12,"column":74}},"line":12}},"branchMap":{},"s":{"0":3,"1":3,"2":3,"3":3,"4":3,"5":3,"6":3,"7":3,"8":3,"9":3},"f":{"0":3},"b":{},"_coverageSchema":"1a1c01bbd47fc00a2c39e90264f33305004495a9","hash":"7010fc615636e8e138523630c1a5215802f7d70e"}
,"D:\\node\\middlewares\\admin.js": {"path":"D:\\node\\middlewares\\admin.js","statementMap":{"0":{"start":{"line":1,"column":12},"end":{"line":1,"column":35}},"1":{"start":{"line":2,"column":15},"end":{"line":2,"column":32}},"2":{"start":{"line":4,"column":0},"end":{"line":9,"column":1}},"3":{"start":{"line":6,"column":4},"end":{"line":6,"column":67}},"4":{"start":{"line":6,"column":27},"end":{"line":6,"column":67}},"5":{"start":{"line":7,"column":4},"end":{"line":7,"column":10}}},"fnMap":{"0":{"name":"(anonymous_0)","decl":{"start":{"line":4,"column":17},"end":{"line":4,"column":18}},"loc":{"start":{"line":4,"column":37},"end":{"line":9,"column":1}},"line":4}},"branchMap":{"0":{"loc":{"start":{"line":6,"column":4},"end":{"line":6,"column":67}},"type":"if","locations":[{"start":{"line":6,"column":4},"end":{"line":6,"column":67}},{"start":{"line":6,"column":4},"end":{"line":6,"column":67}}],"line":6}},"s":{"0":3,"1":3,"2":3,"3":0,"4":0,"5":0},"f":{"0":0},"b":{"0":[0,0]},"_coverageSchema":"1a1c01bbd47fc00a2c39e90264f33305004495a9","hash":"c02cd528c9c8e153ff9719eb0762a4abe6efaa3f"}
,"D:\\node\\middlewares\\auth.js": {"path":"D:\\node\\middlewares\\auth.js","statementMap":{"0":{"start":{"line":1,"column":12},"end":{"line":1,"column":35}},"1":{"start":{"line":2,"column":15},"end":{"line":2,"column":32}},"2":{"start":{"line":4,"column":0},"end":{"line":22,"column":1}},"3":{"start":{"line":6,"column":22},"end":{"line":6,"column":48}},"4":{"start":{"line":8,"column":8},"end":{"line":8,"column":73}},"5":{"start":{"line":8,"column":20},"end":{"line":8,"column":73}},"6":{"start":{"line":10,"column":8},"end":{"line":18,"column":9}},"7":{"start":{"line":11,"column":28},"end":{"line":11,"column":74}},"8":{"start":{"line":12,"column":12},"end":{"line":12,"column":30}},"9":{"start":{"line":13,"column":12},"end":{"line":13,"column":18}},"10":{"start":{"line":15,"column":12},"end":{"line":15,"column":30}},"11":{"start":{"line":16,"column":12},"end":{"line":16,"column":54}}},"fnMap":{"0":{"name":"(anonymous_0)","decl":{"start":{"line":4,"column":17},"end":{"line":4,"column":18}},"loc":{"start":{"line":4,"column":37},"end":{"line":22,"column":1}},"line":4}},"branchMap":{"0":{"loc":{"start":{"line":8,"column":8},"end":{"line":8,"column":73}},"type":"if","locations":[{"start":{"line":8,"column":8},"end":{"line":8,"column":73}},{"start":{"line":8,"column":8},"end":{"line":8,"column":73}}],"line":8}},"s":{"0":4,"1":4,"2":4,"3":9,"4":9,"5":3,"6":6,"7":6,"8":5,"9":5,"10":1,"11":1},"f":{"0":9},"b":{"0":[3,6]},"_coverageSchema":"1a1c01bbd47fc00a2c39e90264f33305004495a9","hash":"54d508e100a8b7772c15145ce9881c6588c41d23"}
,"D:\\node\\middlewares\\errors.js": {"path":"D:\\node\\middlewares\\errors.js","statementMap":{"0":{"start":{"line":1,"column":15},"end":{"line":1,"column":44}},"1":{"start":{"line":2,"column":0},"end":{"line":5,"column":2}},"2":{"start":{"line":3,"column":4},"end":{"line":3,"column":31}},"3":{"start":{"line":4,"column":4},"end":{"line":4,"column":36}}},"fnMap":{"0":{"name":"(anonymous_0)","decl":{"start":{"line":2,"column":18},"end":{"line":2,"column":19}},"loc":{"start":{"line":2,"column":43},"end":{"line":5,"column":1}},"line":2}},"branchMap":{},"s":{"0":3,"1":3,"2":1,"3":1},"f":{"0":1},"b":{},"_coverageSchema":"1a1c01bbd47fc00a2c39e90264f33305004495a9","hash":"db12c4cc79b39bebe6048ab266e3b6679096c416"}
,"D:\\node\\middlewares\\validateObjectId.js": {"path":"D:\\node\\middlewares\\validateObjectId.js","statementMap":{"0":{"start":{"line":1,"column":17},"end":{"line":1,"column":36}},"1":{"start":{"line":2,"column":0},"end":{"line":9,"column":1}},"2":{"start":{"line":4,"column":4},"end":{"line":6,"column":5}},"3":{"start":{"line":5,"column":8},"end":{"line":5,"column":48}},"4":{"start":{"line":8,"column":4},"end":{"line":8,"column":10}}},"fnMap":{"0":{"name":"(anonymous_0)","decl":{"start":{"line":2,"column":17},"end":{"line":2,"column":18}},"loc":{"start":{"line":2,"column":37},"end":{"line":9,"column":1}},"line":2}},"branchMap":{"0":{"loc":{"start":{"line":4,"column":4},"end":{"line":6,"column":5}},"type":"if","locations":[{"start":{"line":4,"column":4},"end":{"line":6,"column":5}},{"start":{"line":4,"column":4},"end":{"line":6,"column":5}}],"line":4}},"s":{"0":3,"1":3,"2":2,"3":1,"4":1},"f":{"0":2},"b":{"0":[1,1]},"_coverageSchema":"1a1c01bbd47fc00a2c39e90264f33305004495a9","hash":"2fd2c5574103a3f3e59db268f687529d461e433c"}
,"D:\\node\\models\\customers.js": {"path":"D:\\node\\models\\customers.js","statementMap":{"0":{"start":{"line":1,"column":17},"end":{"line":1,"column":36}},"1":{"start":{"line":2,"column":23},"end":{"line":6,"column":2}},"2":{"start":{"line":8,"column":17},"end":{"line":8,"column":59}},"3":{"start":{"line":9,"column":25},"end":{"line":16,"column":1}},"4":{"start":{"line":10,"column":19},"end":{"line":14,"column":6}},"5":{"start":{"line":15,"column":4},"end":{"line":15,"column":36}},"6":{"start":{"line":18,"column":0},"end":{"line":18,"column":34}},"7":{"start":{"line":20,"column":0},"end":{"line":20,"column":51}}},"fnMap":{"0":{"name":"(anonymous_0)","decl":{"start":{"line":9,"column":25},"end":{"line":9,"column":26}},"loc":{"start":{"line":9,"column":39},"end":{"line":16,"column":1}},"line":9}},"branchMap":{},"s":{"0":3,"1":3,"2":3,"3":3,"4":0,"5":0,"6":3,"7":3},"f":{"0":0},"b":{},"_coverageSchema":"1a1c01bbd47fc00a2c39e90264f33305004495a9","hash":"1a6788aa83eb3185542260324e1ad1ba48b6652d"}
,"D:\\node\\models\\genres.js": {"path":"D:\\node\\models\\genres.js","statementMap":{"0":{"start":{"line":1,"column":12},"end":{"line":1,"column":26}},"1":{"start":{"line":2,"column":17},"end":{"line":2,"column":36}},"2":{"start":{"line":3,"column":20},"end":{"line":5,"column":2}},"3":{"start":{"line":7,"column":14},"end":{"line":7,"column":50}},"4":{"start":{"line":9,"column":22},"end":{"line":16,"column":1}},"5":{"start":{"line":10,"column":19},"end":{"line":12,"column":6}},"6":{"start":{"line":13,"column":4},"end":{"line":13,"column":33}},"7":{"start":{"line":18,"column":0},"end":{"line":20,"column":1}}},"fnMap":{"0":{"name":"(anonymous_0)","decl":{"start":{"line":9,"column":22},"end":{"line":9,"column":23}},"loc":{"start":{"line":9,"column":33},"end":{"line":16,"column":1}},"line":9}},"branchMap":{},"s":{"0":3,"1":3,"2":3,"3":3,"4":3,"5":4,"6":4,"7":3},"f":{"0":4},"b":{},"_coverageSchema":"1a1c01bbd47fc00a2c39e90264f33305004495a9","hash":"345b1628821f648499ca0412da777b11a1552e44"}
,"D:\\node\\models\\movies.js": {"path":"D:\\node\\models\\movies.js","statementMap":{"0":{"start":{"line":1,"column":12},"end":{"line":1,"column":26}},"1":{"start":{"line":2,"column":17},"end":{"line":2,"column":36}},"2":{"start":{"line":3,"column":24},"end":{"line":3,"column":43}},"3":{"start":{"line":5,"column":20},"end":{"line":10,"column":2}},"4":{"start":{"line":13,"column":14},"end":{"line":13,"column":50}},"5":{"start":{"line":16,"column":22},"end":{"line":25,"column":1}},"6":{"start":{"line":17,"column":19},"end":{"line":22,"column":6}},"7":{"start":{"line":23,"column":4},"end":{"line":23,"column":33}},"8":{"start":{"line":27,"column":0},"end":{"line":29,"column":1}}},"fnMap":{"0":{"name":"(anonymous_0)","decl":{"start":{"line":16,"column":22},"end":{"line":16,"column":23}},"loc":{"start":{"line":16,"column":33},"end":{"line":25,"column":1}},"line":16}},"branchMap":{},"s":{"0":3,"1":3,"2":3,"3":3,"4":3,"5":3,"6":0,"7":0,"8":3},"f":{"0":0},"b":{},"_coverageSchema":"1a1c01bbd47fc00a2c39e90264f33305004495a9","hash":"e630935d4834a0179302ccdd7a0734cf13979523"}
,"D:\\node\\models\\rentals.js": {"path":"D:\\node\\models\\rentals.js","statementMap":{"0":{"start":{"line":1,"column":12},"end":{"line":1,"column":26}},"1":{"start":{"line":2,"column":17},"end":{"line":2,"column":36}},"2":{"start":{"line":5,"column":21},"end":{"line":18,"column":2}},"3":{"start":{"line":21,"column":15},"end":{"line":21,"column":54}},"4":{"start":{"line":24,"column":23},"end":{"line":32,"column":1}},"5":{"start":{"line":25,"column":19},"end":{"line":29,"column":6}},"6":{"start":{"line":30,"column":4},"end":{"line":30,"column":34}},"7":{"start":{"line":34,"column":0},"end":{"line":36,"column":1}}},"fnMap":{"0":{"name":"(anonymous_0)","decl":{"start":{"line":24,"column":23},"end":{"line":24,"column":24}},"loc":{"start":{"line":24,"column":35},"end":{"line":32,"column":1}},"line":24}},"branchMap":{},"s":{"0":3,"1":3,"2":3,"3":3,"4":3,"5":0,"6":0,"7":3},"f":{"0":0},"b":{},"_coverageSchema":"1a1c01bbd47fc00a2c39e90264f33305004495a9","hash":"70b7f5afe18dbc3d529d2e174971104d6419ce52"}
,"D:\\node\\models\\user.js": {"path":"D:\\node\\models\\user.js","statementMap":{"0":{"start":{"line":1,"column":12},"end":{"line":1,"column":26}},"1":{"start":{"line":2,"column":17},"end":{"line":2,"column":36}},"2":{"start":{"line":3,"column":12},"end":{"line":3,"column":35}},"3":{"start":{"line":4,"column":15},"end":{"line":4,"column":32}},"4":{"start":{"line":6,"column":19},"end":{"line":11,"column":2}},"5":{"start":{"line":13,"column":0},"end":{"line":16,"column":1}},"6":{"start":{"line":15,"column":4},"end":{"line":15,"column":90}},"7":{"start":{"line":18,"column":13},"end":{"line":18,"column":47}},"8":{"start":{"line":20,"column":21},"end":{"line":27,"column":1}},"9":{"start":{"line":21,"column":19},"end":{"line":25,"column":6}},"10":{"start":{"line":26,"column":4},"end":{"line":26,"column":32}},"11":{"start":{"line":29,"column":0},"end":{"line":31,"column":1}}},"fnMap":{"0":{"name":"(anonymous_0)","decl":{"start":{"line":13,"column":39},"end":{"line":13,"column":40}},"loc":{"start":{"line":13,"column":51},"end":{"line":16,"column":1}},"line":13},"1":{"name":"(anonymous_1)","decl":{"start":{"line":20,"column":21},"end":{"line":20,"column":22}},"loc":{"start":{"line":20,"column":31},"end":{"line":27,"column":1}},"line":20}},"branchMap":{},"s":{"0":5,"1":5,"2":5,"3":5,"4":5,"5":5,"6":9,"7":5,"8":5,"9":0,"10":0,"11":5},"f":{"0":9,"1":0},"b":{},"_coverageSchema":"1a1c01bbd47fc00a2c39e90264f33305004495a9","hash":"50a69dac17de6aaabba0cc2440c59bfbecf2b7ac"}
,"D:\\node\\routes\\auth.js": {"path":"D:\\node\\routes\\auth.js","statementMap":{"0":{"start":{"line":1,"column":16},"end":{"line":1,"column":34}},"1":{"start":{"line":2,"column":15},"end":{"line":2,"column":31}},"2":{"start":{"line":3,"column":15},"end":{"line":3,"column":32}},"3":{"start":{"line":4,"column":17},"end":{"line":4,"column":42}},"4":{"start":{"line":5,"column":12},"end":{"line":5,"column":26}},"5":{"start":{"line":6,"column":12},"end":{"line":6,"column":35}},"6":{"start":{"line":7,"column":15},"end":{"line":7,"column":32}},"7":{"start":{"line":9,"column":21},"end":{"line":16,"column":1}},"8":{"start":{"line":10,"column":19},"end":{"line":14,"column":6}},"9":{"start":{"line":15,"column":4},"end":{"line":15,"column":32}},"10":{"start":{"line":18,"column":0},"end":{"line":35,"column":2}},"11":{"start":{"line":19,"column":22},"end":{"line":19,"column":44}},"12":{"start":{"line":21,"column":4},"end":{"line":24,"column":5}},"13":{"start":{"line":22,"column":8},"end":{"line":22,"column":54}},"14":{"start":{"line":23,"column":8},"end":{"line":23,"column":14}},"15":{"start":{"line":25,"column":17},"end":{"line":25,"column":62}},"16":{"start":{"line":27,"column":4},"end":{"line":27,"column":66}},"17":{"start":{"line":27,"column":15},"end":{"line":27,"column":66}},"18":{"start":{"line":30,"column":21},"end":{"line":30,"column":75}},"19":{"start":{"line":31,"column":4},"end":{"line":31,"column":66}},"20":{"start":{"line":31,"column":19},"end":{"line":31,"column":66}},"21":{"start":{"line":33,"column":18},"end":{"line":33,"column":42}},"22":{"start":{"line":34,"column":4},"end":{"line":34,"column":19}},"23":{"start":{"line":37,"column":0},"end":{"line":53,"column":2}},"24":{"start":{"line":39,"column":22},"end":{"line":39,"column":44}},"25":{"start":{"line":40,"column":4},"end":{"line":43,"column":5}},"26":{"start":{"line":41,"column":8},"end":{"line":41,"column":54}},"27":{"start":{"line":42,"column":8},"end":{"line":42,"column":14}},"28":{"start":{"line":44,"column":15},"end":{"line":44,"column":28}},"29":{"start":{"line":45,"column":17},"end":{"line":46,"column":47}},"30":{"start":{"line":47,"column":4},"end":{"line":50,"column":5}},"31":{"start":{"line":48,"column":8},"end":{"line":48,"column":22}},"32":{"start":{"line":49,"column":8},"end":{"line":49,"column":14}},"33":{"start":{"line":52,"column":4},"end":{"line":52,"column":42}},"34":{"start":{"line":55,"column":0},"end":{"line":63,"column":2}},"35":{"start":{"line":56,"column":17},"end":{"line":56,"column":60}},"36":{"start":{"line":57,"column":4},"end":{"line":62,"column":5}},"37":{"start":{"line":58,"column":8},"end":{"line":58,"column":46}},"38":{"start":{"line":61,"column":8},"end":{"line":61,"column":22}},"39":{"start":{"line":67,"column":0},"end":{"line":67,"column":23}}},"fnMap":{"0":{"name":"(anonymous_0)","decl":{"start":{"line":9,"column":21},"end":{"line":9,"column":22}},"loc":{"start":{"line":9,"column":31},"end":{"line":16,"column":1}},"line":9},"1":{"name":"(anonymous_1)","decl":{"start":{"line":18,"column":17},"end":{"line":18,"column":18}},"loc":{"start":{"line":18,"column":37},"end":{"line":35,"column":1}},"line":18},"2":{"name":"(anonymous_2)","decl":{"start":{"line":37,"column":19},"end":{"line":37,"column":20}},"loc":{"start":{"line":37,"column":39},"end":{"line":53,"column":1}},"line":37},"3":{"name":"(anonymous_3)","decl":{"start":{"line":55,"column":22},"end":{"line":55,"column":23}},"loc":{"start":{"line":55,"column":42},"end":{"line":63,"column":1}},"line":55}},"branchMap":{"0":{"loc":{"start":{"line":21,"column":4},"end":{"line":24,"column":5}},"type":"if","locations":[{"start":{"line":21,"column":4},"end":{"line":24,"column":5}},{"start":{"line":21,"column":4},"end":{"line":24,"column":5}}],"line":21},"1":{"loc":{"start":{"line":27,"column":4},"end":{"line":27,"column":66}},"type":"if","locations":[{"start":{"line":27,"column":4},"end":{"line":27,"column":66}},{"start":{"line":27,"column":4},"end":{"line":27,"column":66}}],"line":27},"2":{"loc":{"start":{"line":31,"column":4},"end":{"line":31,"column":66}},"type":"if","locations":[{"start":{"line":31,"column":4},"end":{"line":31,"column":66}},{"start":{"line":31,"column":4},"end":{"line":31,"column":66}}],"line":31},"3":{"loc":{"start":{"line":40,"column":4},"end":{"line":43,"column":5}},"type":"if","locations":[{"start":{"line":40,"column":4},"end":{"line":43,"column":5}},{"start":{"line":40,"column":4},"end":{"line":43,"column":5}}],"line":40},"4":{"loc":{"start":{"line":47,"column":4},"end":{"line":50,"column":5}},"type":"if","locations":[{"start":{"line":47,"column":4},"end":{"line":50,"column":5}},{"start":{"line":47,"column":4},"end":{"line":50,"column":5}}],"line":47},"5":{"loc":{"start":{"line":57,"column":4},"end":{"line":62,"column":5}},"type":"if","locations":[{"start":{"line":57,"column":4},"end":{"line":62,"column":5}},{"start":{"line":57,"column":4},"end":{"line":62,"column":5}}],"line":57}},"s":{"0":3,"1":3,"2":3,"3":3,"4":3,"5":3,"6":3,"7":3,"8":0,"9":0,"10":3,"11":0,"12":0,"13":0,"14":0,"15":0,"16":0,"17":0,"18":0,"19":0,"20":0,"21":0,"22":0,"23":3,"24":0,"25":0,"26":0,"27":0,"28":0,"29":0,"30":0,"31":0,"32":0,"33":0,"34":3,"35":0,"36":0,"37":0,"38":0,"39":3},"f":{"0":0,"1":0,"2":0,"3":0},"b":{"0":[0,0],"1":[0,0],"2":[0,0],"3":[0,0],"4":[0,0],"5":[0,0]},"_coverageSchema":"1a1c01bbd47fc00a2c39e90264f33305004495a9","hash":"59eb14175c75e01ae50c2f3b35a99b9d7901b14e"}
,"D:\\node\\routes\\customers.js": {"path":"D:\\node\\routes\\customers.js","statementMap":{"0":{"start":{"line":1,"column":16},"end":{"line":1,"column":34}},"1":{"start":{"line":2,"column":15},"end":{"line":2,"column":31}},"2":{"start":{"line":3,"column":12},"end":{"line":3,"column":26}},"3":{"start":{"line":4,"column":39},"end":{"line":4,"column":69}},"4":{"start":{"line":6,"column":0},"end":{"line":10,"column":2}},"5":{"start":{"line":7,"column":4},"end":{"line":7,"column":29}},"6":{"start":{"line":8,"column":21},"end":{"line":8,"column":44}},"7":{"start":{"line":9,"column":4},"end":{"line":9,"column":22}},"8":{"start":{"line":12,"column":0},"end":{"line":17,"column":2}},"9":{"start":{"line":13,"column":15},"end":{"line":13,"column":28}},"10":{"start":{"line":14,"column":21},"end":{"line":14,"column":61}},"11":{"start":{"line":15,"column":4},"end":{"line":15,"column":43}},"12":{"start":{"line":15,"column":18},"end":{"line":15,"column":43}},"13":{"start":{"line":16,"column":4},"end":{"line":16,"column":36}},"14":{"start":{"line":19,"column":0},"end":{"line":29,"column":2}},"15":{"start":{"line":20,"column":22},"end":{"line":20,"column":48}},"16":{"start":{"line":22,"column":4},"end":{"line":25,"column":5}},"17":{"start":{"line":23,"column":8},"end":{"line":23,"column":54}},"18":{"start":{"line":24,"column":8},"end":{"line":24,"column":14}},"19":{"start":{"line":26,"column":21},"end":{"line":26,"column":49}},"20":{"start":{"line":27,"column":4},"end":{"line":27,"column":19}},"21":{"start":{"line":28,"column":4},"end":{"line":28,"column":22}},"22":{"start":{"line":31,"column":0},"end":{"line":47,"column":2}},"23":{"start":{"line":33,"column":22},"end":{"line":33,"column":48}},"24":{"start":{"line":34,"column":4},"end":{"line":37,"column":5}},"25":{"start":{"line":35,"column":8},"end":{"line":35,"column":54}},"26":{"start":{"line":36,"column":8},"end":{"line":36,"column":14}},"27":{"start":{"line":38,"column":15},"end":{"line":38,"column":28}},"28":{"start":{"line":39,"column":21},"end":{"line":40,"column":47}},"29":{"start":{"line":41,"column":4},"end":{"line":44,"column":5}},"30":{"start":{"line":42,"column":8},"end":{"line":42,"column":26}},"31":{"start":{"line":43,"column":8},"end":{"line":43,"column":14}},"32":{"start":{"line":46,"column":4},"end":{"line":46,"column":43}},"33":{"start":{"line":49,"column":0},"end":{"line":57,"column":2}},"34":{"start":{"line":50,"column":21},"end":{"line":50,"column":68}},"35":{"start":{"line":51,"column":4},"end":{"line":56,"column":5}},"36":{"start":{"line":52,"column":8},"end":{"line":52,"column":47}},"37":{"start":{"line":55,"column":8},"end":{"line":55,"column":26}},"38":{"start":{"line":60,"column":0},"end":{"line":60,"column":23}}},"fnMap":{"0":{"name":"(anonymous_0)","decl":{"start":{"line":6,"column":16},"end":{"line":6,"column":17}},"loc":{"start":{"line":6,"column":36},"end":{"line":10,"column":1}},"line":6},"1":{"name":"(anonymous_1)","decl":{"start":{"line":12,"column":19},"end":{"line":12,"column":20}},"loc":{"start":{"line":12,"column":39},"end":{"line":17,"column":1}},"line":12},"2":{"name":"(anonymous_2)","decl":{"start":{"line":19,"column":17},"end":{"line":19,"column":18}},"loc":{"start":{"line":19,"column":37},"end":{"line":29,"column":1}},"line":19},"3":{"name":"(anonymous_3)","decl":{"start":{"line":31,"column":19},"end":{"line":31,"column":20}},"loc":{"start":{"line":31,"column":39},"end":{"line":47,"column":1}},"line":31},"4":{"name":"(anonymous_4)","decl":{"start":{"line":49,"column":22},"end":{"line":49,"column":23}},"loc":{"start":{"line":49,"column":42},"end":{"line":57,"column":1}},"line":49}},"branchMap":{"0":{"loc":{"start":{"line":15,"column":4},"end":{"line":15,"column":43}},"type":"if","locations":[{"start":{"line":15,"column":4},"end":{"line":15,"column":43}},{"start":{"line":15,"column":4},"end":{"line":15,"column":43}}],"line":15},"1":{"loc":{"start":{"line":22,"column":4},"end":{"line":25,"column":5}},"type":"if","locations":[{"start":{"line":22,"column":4},"end":{"line":25,"column":5}},{"start":{"line":22,"column":4},"end":{"line":25,"column":5}}],"line":22},"2":{"loc":{"start":{"line":34,"column":4},"end":{"line":37,"column":5}},"type":"if","locations":[{"start":{"line":34,"column":4},"end":{"line":37,"column":5}},{"start":{"line":34,"column":4},"end":{"line":37,"column":5}}],"line":34},"3":{"loc":{"start":{"line":41,"column":4},"end":{"line":44,"column":5}},"type":"if","locations":[{"start":{"line":41,"column":4},"end":{"line":44,"column":5}},{"start":{"line":41,"column":4},"end":{"line":44,"column":5}}],"line":41},"4":{"loc":{"start":{"line":51,"column":4},"end":{"line":56,"column":5}},"type":"if","locations":[{"start":{"line":51,"column":4},"end":{"line":56,"column":5}},{"start":{"line":51,"column":4},"end":{"line":56,"column":5}}],"line":51}},"s":{"0":3,"1":3,"2":3,"3":3,"4":3,"5":0,"6":0,"7":0,"8":3,"9":0,"10":0,"11":0,"12":0,"13":0,"14":3,"15":0,"16":0,"17":0,"18":0,"19":0,"20":0,"21":0,"22":3,"23":0,"24":0,"25":0,"26":0,"27":0,"28":0,"29":0,"30":0,"31":0,"32":0,"33":3,"34":0,"35":0,"36":0,"37":0,"38":3},"f":{"0":0,"1":0,"2":0,"3":0,"4":0},"b":{"0":[0,0],"1":[0,0],"2":[0,0],"3":[0,0],"4":[0,0]},"_coverageSchema":"1a1c01bbd47fc00a2c39e90264f33305004495a9","hash":"409cd13ff330a3bbc13a069ef4140ba7359239e0"}
,"D:\\node\\routes\\genres.js": {"path":"D:\\node\\routes\\genres.js","statementMap":{"0":{"start":{"line":1,"column":16},"end":{"line":1,"column":34}},"1":{"start":{"line":2,"column":17},"end":{"line":2,"column":36}},"2":{"start":{"line":3,"column":15},"end":{"line":3,"column":31}},"3":{"start":{"line":4,"column":13},"end":{"line":4,"column":43}},"4":{"start":{"line":5,"column":14},"end":{"line":5,"column":45}},"5":{"start":{"line":6,"column":33},"end":{"line":6,"column":60}},"6":{"start":{"line":7,"column":25},"end":{"line":7,"column":67}},"7":{"start":{"line":8,"column":0},"end":{"line":12,"column":2}},"8":{"start":{"line":10,"column":19},"end":{"line":10,"column":39}},"9":{"start":{"line":11,"column":4},"end":{"line":11,"column":20}},"10":{"start":{"line":14,"column":0},"end":{"line":21,"column":2}},"11":{"start":{"line":15,"column":15},"end":{"line":15,"column":28}},"12":{"start":{"line":17,"column":18},"end":{"line":17,"column":55}},"13":{"start":{"line":18,"column":4},"end":{"line":18,"column":19}},"14":{"start":{"line":19,"column":4},"end":{"line":19,"column":28}},"15":{"start":{"line":20,"column":4},"end":{"line":20,"column":36}},"16":{"start":{"line":23,"column":0},"end":{"line":33,"column":2}},"17":{"start":{"line":24,"column":22},"end":{"line":24,"column":45}},"18":{"start":{"line":26,"column":4},"end":{"line":29,"column":5}},"19":{"start":{"line":27,"column":8},"end":{"line":27,"column":54}},"20":{"start":{"line":28,"column":8},"end":{"line":28,"column":14}},"21":{"start":{"line":30,"column":18},"end":{"line":30,"column":58}},"22":{"start":{"line":31,"column":4},"end":{"line":31,"column":16}},"23":{"start":{"line":32,"column":4},"end":{"line":32,"column":19}},"24":{"start":{"line":35,"column":0},"end":{"line":51,"column":2}},"25":{"start":{"line":37,"column":22},"end":{"line":37,"column":45}},"26":{"start":{"line":38,"column":4},"end":{"line":41,"column":5}},"27":{"start":{"line":39,"column":8},"end":{"line":39,"column":54}},"28":{"start":{"line":40,"column":8},"end":{"line":40,"column":14}},"29":{"start":{"line":42,"column":15},"end":{"line":42,"column":28}},"30":{"start":{"line":43,"column":18},"end":{"line":44,"column":47}},"31":{"start":{"line":45,"column":4},"end":{"line":48,"column":5}},"32":{"start":{"line":46,"column":8},"end":{"line":46,"column":23}},"33":{"start":{"line":47,"column":8},"end":{"line":47,"column":14}},"34":{"start":{"line":50,"column":4},"end":{"line":50,"column":43}},"35":{"start":{"line":53,"column":0},"end":{"line":61,"column":2}},"36":{"start":{"line":54,"column":18},"end":{"line":54,"column":62}},"37":{"start":{"line":55,"column":4},"end":{"line":60,"column":5}},"38":{"start":{"line":56,"column":8},"end":{"line":56,"column":47}},"39":{"start":{"line":59,"column":8},"end":{"line":59,"column":23}},"40":{"start":{"line":65,"column":0},"end":{"line":65,"column":23}}},"fnMap":{"0":{"name":"(anonymous_0)","decl":{"start":{"line":8,"column":16},"end":{"line":8,"column":17}},"loc":{"start":{"line":8,"column":36},"end":{"line":12,"column":1}},"line":8},"1":{"name":"(anonymous_1)","decl":{"start":{"line":14,"column":37},"end":{"line":14,"column":38}},"loc":{"start":{"line":14,"column":57},"end":{"line":21,"column":1}},"line":14},"2":{"name":"(anonymous_2)","decl":{"start":{"line":23,"column":23},"end":{"line":23,"column":24}},"loc":{"start":{"line":23,"column":43},"end":{"line":33,"column":1}},"line":23},"3":{"name":"(anonymous_3)","decl":{"start":{"line":35,"column":37},"end":{"line":35,"column":38}},"loc":{"start":{"line":35,"column":57},"end":{"line":51,"column":1}},"line":35},"4":{"name":"(anonymous_4)","decl":{"start":{"line":53,"column":37},"end":{"line":53,"column":38}},"loc":{"start":{"line":53,"column":57},"end":{"line":61,"column":1}},"line":53}},"branchMap":{"0":{"loc":{"start":{"line":19,"column":4},"end":{"line":19,"column":28}},"type":"binary-expr","locations":[{"start":{"line":19,"column":4},"end":{"line":19,"column":9}},{"start":{"line":19,"column":13},"end":{"line":19,"column":28}}],"line":19},"1":{"loc":{"start":{"line":26,"column":4},"end":{"line":29,"column":5}},"type":"if","locations":[{"start":{"line":26,"column":4},"end":{"line":29,"column":5}},{"start":{"line":26,"column":4},"end":{"line":29,"column":5}}],"line":26},"2":{"loc":{"start":{"line":38,"column":4},"end":{"line":41,"column":5}},"type":"if","locations":[{"start":{"line":38,"column":4},"end":{"line":41,"column":5}},{"start":{"line":38,"column":4},"end":{"line":41,"column":5}}],"line":38},"3":{"loc":{"start":{"line":45,"column":4},"end":{"line":48,"column":5}},"type":"if","locations":[{"start":{"line":45,"column":4},"end":{"line":48,"column":5}},{"start":{"line":45,"column":4},"end":{"line":48,"column":5}}],"line":45},"4":{"loc":{"start":{"line":55,"column":4},"end":{"line":60,"column":5}},"type":"if","locations":[{"start":{"line":55,"column":4},"end":{"line":60,"column":5}},{"start":{"line":55,"column":4},"end":{"line":60,"column":5}}],"line":55}},"s":{"0":3,"1":3,"2":3,"3":3,"4":3,"5":3,"6":3,"7":3,"8":1,"9":1,"10":3,"11":1,"12":1,"13":1,"14":1,"15":0,"16":3,"17":4,"18":4,"19":1,"20":1,"21":3,"22":3,"23":3,"24":3,"25":0,"26":0,"27":0,"28":0,"29":0,"30":0,"31":0,"32":0,"33":0,"34":0,"35":3,"36":0,"37":0,"38":0,"39":0,"40":3},"f":{"0":1,"1":1,"2":4,"3":0,"4":0},"b":{"0":[1,1],"1":[1,3],"2":[0,0],"3":[0,0],"4":[0,0]},"_coverageSchema":"1a1c01bbd47fc00a2c39e90264f33305004495a9","hash":"d6986e4d0493795fb18d01428fa28db21ea340ae"}
,"D:\\node\\routes\\movies.js": {"path":"D:\\node\\routes\\movies.js","statementMap":{"0":{"start":{"line":1,"column":16},"end":{"line":1,"column":34}},"1":{"start":{"line":2,"column":15},"end":{"line":2,"column":31}},"2":{"start":{"line":4,"column":33},"end":{"line":4,"column":60}},"3":{"start":{"line":5,"column":18},"end":{"line":5,"column":45}},"4":{"start":{"line":7,"column":0},"end":{"line":11,"column":2}},"5":{"start":{"line":9,"column":18},"end":{"line":9,"column":38}},"6":{"start":{"line":10,"column":4},"end":{"line":10,"column":19}},"7":{"start":{"line":13,"column":0},"end":{"line":19,"column":2}},"8":{"start":{"line":14,"column":15},"end":{"line":14,"column":28}},"9":{"start":{"line":15,"column":18},"end":{"line":15,"column":55}},"10":{"start":{"line":16,"column":4},"end":{"line":16,"column":19}},"11":{"start":{"line":17,"column":4},"end":{"line":17,"column":28}},"12":{"start":{"line":18,"column":4},"end":{"line":18,"column":36}},"13":{"start":{"line":21,"column":0},"end":{"line":41,"column":2}},"14":{"start":{"line":22,"column":22},"end":{"line":22,"column":45}},"15":{"start":{"line":23,"column":4},"end":{"line":40,"column":5}},"16":{"start":{"line":24,"column":8},"end":{"line":27,"column":9}},"17":{"start":{"line":25,"column":12},"end":{"line":25,"column":58}},"18":{"start":{"line":26,"column":12},"end":{"line":26,"column":18}},"19":{"start":{"line":28,"column":22},"end":{"line":28,"column":60}},"20":{"start":{"line":29,"column":8},"end":{"line":29,"column":73}},"21":{"start":{"line":29,"column":20},"end":{"line":29,"column":73}},"22":{"start":{"line":30,"column":22},"end":{"line":35,"column":10}},"23":{"start":{"line":36,"column":8},"end":{"line":36,"column":20}},"24":{"start":{"line":37,"column":8},"end":{"line":37,"column":23}},"25":{"start":{"line":39,"column":8},"end":{"line":39,"column":35}},"26":{"start":{"line":42,"column":0},"end":{"line":67,"column":3}},"27":{"start":{"line":43,"column":22},"end":{"line":43,"column":40}},"28":{"start":{"line":44,"column":4},"end":{"line":44,"column":69}},"29":{"start":{"line":44,"column":15},"end":{"line":44,"column":69}},"30":{"start":{"line":46,"column":18},"end":{"line":46,"column":56}},"31":{"start":{"line":47,"column":4},"end":{"line":47,"column":62}},"32":{"start":{"line":47,"column":16},"end":{"line":47,"column":62}},"33":{"start":{"line":49,"column":18},"end":{"line":61,"column":5}},"34":{"start":{"line":63,"column":4},"end":{"line":64,"column":82}},"35":{"start":{"line":64,"column":8},"end":{"line":64,"column":82}},"36":{"start":{"line":66,"column":4},"end":{"line":66,"column":20}},"37":{"start":{"line":69,"column":0},"end":{"line":76,"column":3}},"38":{"start":{"line":70,"column":18},"end":{"line":70,"column":62}},"39":{"start":{"line":72,"column":4},"end":{"line":73,"column":82}},"40":{"start":{"line":73,"column":8},"end":{"line":73,"column":82}},"41":{"start":{"line":75,"column":4},"end":{"line":75,"column":20}},"42":{"start":{"line":78,"column":0},"end":{"line":85,"column":3}},"43":{"start":{"line":79,"column":18},"end":{"line":79,"column":68}},"44":{"start":{"line":81,"column":4},"end":{"line":82,"column":82}},"45":{"start":{"line":82,"column":8},"end":{"line":82,"column":82}},"46":{"start":{"line":84,"column":4},"end":{"line":84,"column":20}},"47":{"start":{"line":87,"column":0},"end":{"line":87,"column":23}}},"fnMap":{"0":{"name":"(anonymous_0)","decl":{"start":{"line":7,"column":16},"end":{"line":7,"column":17}},"loc":{"start":{"line":7,"column":36},"end":{"line":11,"column":1}},"line":7},"1":{"name":"(anonymous_1)","decl":{"start":{"line":13,"column":19},"end":{"line":13,"column":20}},"loc":{"start":{"line":13,"column":39},"end":{"line":19,"column":1}},"line":13},"2":{"name":"(anonymous_2)","decl":{"start":{"line":21,"column":17},"end":{"line":21,"column":18}},"loc":{"start":{"line":21,"column":37},"end":{"line":41,"column":1}},"line":21},"3":{"name":"(anonymous_3)","decl":{"start":{"line":42,"column":19},"end":{"line":42,"column":20}},"loc":{"start":{"line":42,"column":39},"end":{"line":67,"column":1}},"line":42},"4":{"name":"(anonymous_4)","decl":{"start":{"line":69,"column":22},"end":{"line":69,"column":23}},"loc":{"start":{"line":69,"column":42},"end":{"line":76,"column":1}},"line":69},"5":{"name":"(anonymous_5)","decl":{"start":{"line":78,"column":19},"end":{"line":78,"column":20}},"loc":{"start":{"line":78,"column":39},"end":{"line":85,"column":1}},"line":78}},"branchMap":{"0":{"loc":{"start":{"line":17,"column":4},"end":{"line":17,"column":28}},"type":"binary-expr","locations":[{"start":{"line":17,"column":4},"end":{"line":17,"column":9}},{"start":{"line":17,"column":13},"end":{"line":17,"column":28}}],"line":17},"1":{"loc":{"start":{"line":24,"column":8},"end":{"line":27,"column":9}},"type":"if","locations":[{"start":{"line":24,"column":8},"end":{"line":27,"column":9}},{"start":{"line":24,"column":8},"end":{"line":27,"column":9}}],"line":24},"2":{"loc":{"start":{"line":29,"column":8},"end":{"line":29,"column":73}},"type":"if","locations":[{"start":{"line":29,"column":8},"end":{"line":29,"column":73}},{"start":{"line":29,"column":8},"end":{"line":29,"column":73}}],"line":29},"3":{"loc":{"start":{"line":44,"column":4},"end":{"line":44,"column":69}},"type":"if","locations":[{"start":{"line":44,"column":4},"end":{"line":44,"column":69}},{"start":{"line":44,"column":4},"end":{"line":44,"column":69}}],"line":44},"4":{"loc":{"start":{"line":47,"column":4},"end":{"line":47,"column":62}},"type":"if","locations":[{"start":{"line":47,"column":4},"end":{"line":47,"column":62}},{"start":{"line":47,"column":4},"end":{"line":47,"column":62}}],"line":47},"5":{"loc":{"start":{"line":63,"column":4},"end":{"line":64,"column":82}},"type":"if","locations":[{"start":{"line":63,"column":4},"end":{"line":64,"column":82}},{"start":{"line":63,"column":4},"end":{"line":64,"column":82}}],"line":63},"6":{"loc":{"start":{"line":72,"column":4},"end":{"line":73,"column":82}},"type":"if","locations":[{"start":{"line":72,"column":4},"end":{"line":73,"column":82}},{"start":{"line":72,"column":4},"end":{"line":73,"column":82}}],"line":72},"7":{"loc":{"start":{"line":81,"column":4},"end":{"line":82,"column":82}},"type":"if","locations":[{"start":{"line":81,"column":4},"end":{"line":82,"column":82}},{"start":{"line":81,"column":4},"end":{"line":82,"column":82}}],"line":81}},"s":{"0":3,"1":3,"2":3,"3":3,"4":3,"5":0,"6":0,"7":3,"8":0,"9":0,"10":0,"11":0,"12":0,"13":3,"14":0,"15":0,"16":0,"17":0,"18":0,"19":0,"20":0,"21":0,"22":0,"23":0,"24":0,"25":0,"26":3,"27":0,"28":0,"29":0,"30":0,"31":0,"32":0,"33":0,"34":0,"35":0,"36":0,"37":3,"38":0,"39":0,"40":0,"41":0,"42":3,"43":0,"44":0,"45":0,"46":0,"47":3},"f":{"0":0,"1":0,"2":0,"3":0,"4":0,"5":0},"b":{"0":[0,0],"1":[0,0],"2":[0,0],"3":[0,0],"4":[0,0],"5":[0,0],"6":[0,0],"7":[0,0]},"_coverageSchema":"1a1c01bbd47fc00a2c39e90264f33305004495a9","hash":"1df2ee8d917be20d910531c63318fbcc4b981c0e"}
,"D:\\node\\routes\\rentals.js": {"path":"D:\\node\\routes\\rentals.js","statementMap":{"0":{"start":{"line":1,"column":16},"end":{"line":1,"column":34}},"1":{"start":{"line":2,"column":15},"end":{"line":2,"column":31}},"2":{"start":{"line":3,"column":13},"end":{"line":3,"column":28}},"3":{"start":{"line":4,"column":35},"end":{"line":4,"column":63}},"4":{"start":{"line":5,"column":21},"end":{"line":5,"column":51}},"5":{"start":{"line":6,"column":18},"end":{"line":6,"column":45}},"6":{"start":{"line":7,"column":13},"end":{"line":7,"column":37}},"7":{"start":{"line":8,"column":17},"end":{"line":8,"column":36}},"8":{"start":{"line":9,"column":0},"end":{"line":9,"column":19}},"9":{"start":{"line":11,"column":0},"end":{"line":15,"column":2}},"10":{"start":{"line":13,"column":19},"end":{"line":13,"column":40}},"11":{"start":{"line":14,"column":4},"end":{"line":14,"column":20}},"12":{"start":{"line":17,"column":0},"end":{"line":23,"column":2}},"13":{"start":{"line":18,"column":15},"end":{"line":18,"column":28}},"14":{"start":{"line":19,"column":19},"end":{"line":19,"column":57}},"15":{"start":{"line":20,"column":4},"end":{"line":20,"column":20}},"16":{"start":{"line":21,"column":4},"end":{"line":21,"column":30}},"17":{"start":{"line":22,"column":4},"end":{"line":22,"column":36}},"18":{"start":{"line":25,"column":0},"end":{"line":61,"column":2}},"19":{"start":{"line":26,"column":22},"end":{"line":26,"column":46}},"20":{"start":{"line":27,"column":4},"end":{"line":60,"column":5}},"21":{"start":{"line":28,"column":8},"end":{"line":31,"column":9}},"22":{"start":{"line":29,"column":12},"end":{"line":29,"column":58}},"23":{"start":{"line":30,"column":12},"end":{"line":30,"column":18}},"24":{"start":{"line":32,"column":25},"end":{"line":32,"column":69}},"25":{"start":{"line":33,"column":22},"end":{"line":33,"column":60}},"26":{"start":{"line":34,"column":8},"end":{"line":34,"column":76}},"27":{"start":{"line":34,"column":23},"end":{"line":34,"column":76}},"28":{"start":{"line":35,"column":8},"end":{"line":35,"column":73}},"29":{"start":{"line":35,"column":20},"end":{"line":35,"column":73}},"30":{"start":{"line":36,"column":8},"end":{"line":36,"column":78}},"31":{"start":{"line":36,"column":39},"end":{"line":36,"column":78}},"32":{"start":{"line":37,"column":23},"end":{"line":48,"column":10}},"33":{"start":{"line":50,"column":8},"end":{"line":53,"column":18}},"34":{"start":{"line":56,"column":8},"end":{"line":56,"column":24}},"35":{"start":{"line":58,"column":8},"end":{"line":58,"column":35}},"36":{"start":{"line":59,"column":8},"end":{"line":59,"column":36}},"37":{"start":{"line":62,"column":0},"end":{"line":87,"column":3}},"38":{"start":{"line":63,"column":22},"end":{"line":63,"column":40}},"39":{"start":{"line":64,"column":4},"end":{"line":64,"column":69}},"40":{"start":{"line":64,"column":15},"end":{"line":64,"column":69}},"41":{"start":{"line":66,"column":18},"end":{"line":66,"column":56}},"42":{"start":{"line":67,"column":4},"end":{"line":67,"column":62}},"43":{"start":{"line":67,"column":16},"end":{"line":67,"column":62}},"44":{"start":{"line":69,"column":19},"end":{"line":81,"column":5}},"45":{"start":{"line":83,"column":4},"end":{"line":84,"column":83}},"46":{"start":{"line":84,"column":8},"end":{"line":84,"column":83}},"47":{"start":{"line":86,"column":4},"end":{"line":86,"column":21}},"48":{"start":{"line":89,"column":0},"end":{"line":96,"column":3}},"49":{"start":{"line":90,"column":19},"end":{"line":90,"column":64}},"50":{"start":{"line":92,"column":4},"end":{"line":93,"column":83}},"51":{"start":{"line":93,"column":8},"end":{"line":93,"column":83}},"52":{"start":{"line":95,"column":4},"end":{"line":95,"column":21}},"53":{"start":{"line":98,"column":0},"end":{"line":105,"column":3}},"54":{"start":{"line":99,"column":19},"end":{"line":99,"column":70}},"55":{"start":{"line":101,"column":4},"end":{"line":102,"column":83}},"56":{"start":{"line":102,"column":8},"end":{"line":102,"column":83}},"57":{"start":{"line":104,"column":4},"end":{"line":104,"column":21}},"58":{"start":{"line":107,"column":0},"end":{"line":107,"column":23}}},"fnMap":{"0":{"name":"(anonymous_0)","decl":{"start":{"line":11,"column":16},"end":{"line":11,"column":17}},"loc":{"start":{"line":11,"column":36},"end":{"line":15,"column":1}},"line":11},"1":{"name":"(anonymous_1)","decl":{"start":{"line":17,"column":19},"end":{"line":17,"column":20}},"loc":{"start":{"line":17,"column":39},"end":{"line":23,"column":1}},"line":17},"2":{"name":"(anonymous_2)","decl":{"start":{"line":25,"column":17},"end":{"line":25,"column":18}},"loc":{"start":{"line":25,"column":37},"end":{"line":61,"column":1}},"line":25},"3":{"name":"(anonymous_3)","decl":{"start":{"line":62,"column":19},"end":{"line":62,"column":20}},"loc":{"start":{"line":62,"column":39},"end":{"line":87,"column":1}},"line":62},"4":{"name":"(anonymous_4)","decl":{"start":{"line":89,"column":22},"end":{"line":89,"column":23}},"loc":{"start":{"line":89,"column":42},"end":{"line":96,"column":1}},"line":89},"5":{"name":"(anonymous_5)","decl":{"start":{"line":98,"column":19},"end":{"line":98,"column":20}},"loc":{"start":{"line":98,"column":39},"end":{"line":105,"column":1}},"line":98}},"branchMap":{"0":{"loc":{"start":{"line":21,"column":4},"end":{"line":21,"column":30}},"type":"binary-expr","locations":[{"start":{"line":21,"column":4},"end":{"line":21,"column":10}},{"start":{"line":21,"column":14},"end":{"line":21,"column":30}}],"line":21},"1":{"loc":{"start":{"line":28,"column":8},"end":{"line":31,"column":9}},"type":"if","locations":[{"start":{"line":28,"column":8},"end":{"line":31,"column":9}},{"start":{"line":28,"column":8},"end":{"line":31,"column":9}}],"line":28},"2":{"loc":{"start":{"line":34,"column":8},"end":{"line":34,"column":76}},"type":"if","locations":[{"start":{"line":34,"column":8},"end":{"line":34,"column":76}},{"start":{"line":34,"column":8},"end":{"line":34,"column":76}}],"line":34},"3":{"loc":{"start":{"line":35,"column":8},"end":{"line":35,"column":73}},"type":"if","locations":[{"start":{"line":35,"column":8},"end":{"line":35,"column":73}},{"start":{"line":35,"column":8},"end":{"line":35,"column":73}}],"line":35},"4":{"loc":{"start":{"line":36,"column":8},"end":{"line":36,"column":78}},"type":"if","locations":[{"start":{"line":36,"column":8},"end":{"line":36,"column":78}},{"start":{"line":36,"column":8},"end":{"line":36,"column":78}}],"line":36},"5":{"loc":{"start":{"line":64,"column":4},"end":{"line":64,"column":69}},"type":"if","locations":[{"start":{"line":64,"column":4},"end":{"line":64,"column":69}},{"start":{"line":64,"column":4},"end":{"line":64,"column":69}}],"line":64},"6":{"loc":{"start":{"line":67,"column":4},"end":{"line":67,"column":62}},"type":"if","locations":[{"start":{"line":67,"column":4},"end":{"line":67,"column":62}},{"start":{"line":67,"column":4},"end":{"line":67,"column":62}}],"line":67},"7":{"loc":{"start":{"line":83,"column":4},"end":{"line":84,"column":83}},"type":"if","locations":[{"start":{"line":83,"column":4},"end":{"line":84,"column":83}},{"start":{"line":83,"column":4},"end":{"line":84,"column":83}}],"line":83},"8":{"loc":{"start":{"line":92,"column":4},"end":{"line":93,"column":83}},"type":"if","locations":[{"start":{"line":92,"column":4},"end":{"line":93,"column":83}},{"start":{"line":92,"column":4},"end":{"line":93,"column":83}}],"line":92},"9":{"loc":{"start":{"line":101,"column":4},"end":{"line":102,"column":83}},"type":"if","locations":[{"start":{"line":101,"column":4},"end":{"line":102,"column":83}},{"start":{"line":101,"column":4},"end":{"line":102,"column":83}}],"line":101}},"s":{"0":3,"1":3,"2":3,"3":3,"4":3,"5":3,"6":3,"7":3,"8":3,"9":3,"10":0,"11":0,"12":3,"13":0,"14":0,"15":0,"16":0,"17":0,"18":3,"19":0,"20":0,"21":0,"22":0,"23":0,"24":0,"25":0,"26":0,"27":0,"28":0,"29":0,"30":0,"31":0,"32":0,"33":0,"34":0,"35":0,"36":0,"37":3,"38":0,"39":0,"40":0,"41":0,"42":0,"43":0,"44":0,"45":0,"46":0,"47":0,"48":3,"49":0,"50":0,"51":0,"52":0,"53":3,"54":0,"55":0,"56":0,"57":0,"58":3},"f":{"0":0,"1":0,"2":0,"3":0,"4":0,"5":0},"b":{"0":[0,0],"1":[0,0],"2":[0,0],"3":[0,0],"4":[0,0],"5":[0,0],"6":[0,0],"7":[0,0],"8":[0,0],"9":[0,0]},"_coverageSchema":"1a1c01bbd47fc00a2c39e90264f33305004495a9","hash":"07fc969f5521c0b3daa1ed1b8dc06449901cfb9f"}
,"D:\\node\\routes\\users.js": {"path":"D:\\node\\routes\\users.js","statementMap":{"0":{"start":{"line":1,"column":16},"end":{"line":1,"column":34}},"1":{"start":{"line":2,"column":15},"end":{"line":2,"column":31}},"2":{"start":{"line":3,"column":15},"end":{"line":3,"column":32}},"3":{"start":{"line":4,"column":31},"end":{"line":4,"column":56}},"4":{"start":{"line":5,"column":13},"end":{"line":5,"column":43}},"5":{"start":{"line":9,"column":0},"end":{"line":32,"column":2}},"6":{"start":{"line":10,"column":22},"end":{"line":10,"column":44}},"7":{"start":{"line":12,"column":4},"end":{"line":15,"column":5}},"8":{"start":{"line":13,"column":8},"end":{"line":13,"column":54}},"9":{"start":{"line":14,"column":8},"end":{"line":14,"column":14}},"10":{"start":{"line":16,"column":23},"end":{"line":16,"column":65}},"11":{"start":{"line":18,"column":4},"end":{"line":18,"column":76}},"12":{"start":{"line":18,"column":33},"end":{"line":18,"column":76}},"13":{"start":{"line":20,"column":17},"end":{"line":20,"column":41}},"14":{"start":{"line":21,"column":19},"end":{"line":21,"column":61}},"15":{"start":{"line":23,"column":17},"end":{"line":27,"column":6}},"16":{"start":{"line":28,"column":18},"end":{"line":28,"column":42}},"17":{"start":{"line":29,"column":4},"end":{"line":29,"column":15}},"18":{"start":{"line":30,"column":4},"end":{"line":30,"column":37}},"19":{"start":{"line":31,"column":4},"end":{"line":31,"column":18}},"20":{"start":{"line":36,"column":0},"end":{"line":46,"column":2}},"21":{"start":{"line":38,"column":19},"end":{"line":38,"column":31}},"22":{"start":{"line":40,"column":17},"end":{"line":40,"column":64}},"23":{"start":{"line":42,"column":4},"end":{"line":42,"column":18}},"24":{"start":{"line":48,"column":0},"end":{"line":64,"column":2}},"25":{"start":{"line":50,"column":22},"end":{"line":50,"column":44}},"26":{"start":{"line":51,"column":4},"end":{"line":54,"column":5}},"27":{"start":{"line":52,"column":8},"end":{"line":52,"column":54}},"28":{"start":{"line":53,"column":8},"end":{"line":53,"column":14}},"29":{"start":{"line":55,"column":15},"end":{"line":55,"column":28}},"30":{"start":{"line":56,"column":17},"end":{"line":57,"column":47}},"31":{"start":{"line":58,"column":4},"end":{"line":61,"column":5}},"32":{"start":{"line":59,"column":8},"end":{"line":59,"column":22}},"33":{"start":{"line":60,"column":8},"end":{"line":60,"column":14}},"34":{"start":{"line":63,"column":4},"end":{"line":63,"column":42}},"35":{"start":{"line":66,"column":0},"end":{"line":74,"column":2}},"36":{"start":{"line":67,"column":17},"end":{"line":67,"column":60}},"37":{"start":{"line":68,"column":4},"end":{"line":73,"column":5}},"38":{"start":{"line":69,"column":8},"end":{"line":69,"column":46}},"39":{"start":{"line":72,"column":8},"end":{"line":72,"column":22}},"40":{"start":{"line":78,"column":0},"end":{"line":78,"column":23}}},"fnMap":{"0":{"name":"(anonymous_0)","decl":{"start":{"line":9,"column":17},"end":{"line":9,"column":18}},"loc":{"start":{"line":9,"column":37},"end":{"line":32,"column":1}},"line":9},"1":{"name":"(anonymous_1)","decl":{"start":{"line":36,"column":24},"end":{"line":36,"column":25}},"loc":{"start":{"line":36,"column":44},"end":{"line":46,"column":1}},"line":36},"2":{"name":"(anonymous_2)","decl":{"start":{"line":48,"column":19},"end":{"line":48,"column":20}},"loc":{"start":{"line":48,"column":39},"end":{"line":64,"column":1}},"line":48},"3":{"name":"(anonymous_3)","decl":{"start":{"line":66,"column":22},"end":{"line":66,"column":23}},"loc":{"start":{"line":66,"column":42},"end":{"line":74,"column":1}},"line":66}},"branchMap":{"0":{"loc":{"start":{"line":12,"column":4},"end":{"line":15,"column":5}},"type":"if","locations":[{"start":{"line":12,"column":4},"end":{"line":15,"column":5}},{"start":{"line":12,"column":4},"end":{"line":15,"column":5}}],"line":12},"1":{"loc":{"start":{"line":18,"column":4},"end":{"line":18,"column":76}},"type":"if","locations":[{"start":{"line":18,"column":4},"end":{"line":18,"column":76}},{"start":{"line":18,"column":4},"end":{"line":18,"column":76}}],"line":18},"2":{"loc":{"start":{"line":51,"column":4},"end":{"line":54,"column":5}},"type":"if","locations":[{"start":{"line":51,"column":4},"end":{"line":54,"column":5}},{"start":{"line":51,"column":4},"end":{"line":54,"column":5}}],"line":51},"3":{"loc":{"start":{"line":58,"column":4},"end":{"line":61,"column":5}},"type":"if","locations":[{"start":{"line":58,"column":4},"end":{"line":61,"column":5}},{"start":{"line":58,"column":4},"end":{"line":61,"column":5}}],"line":58},"4":{"loc":{"start":{"line":68,"column":4},"end":{"line":73,"column":5}},"type":"if","locations":[{"start":{"line":68,"column":4},"end":{"line":73,"column":5}},{"start":{"line":68,"column":4},"end":{"line":73,"column":5}}],"line":68}},"s":{"0":3,"1":3,"2":3,"3":3,"4":3,"5":3,"6":0,"7":0,"8":0,"9":0,"10":0,"11":0,"12":0,"13":0,"14":0,"15":0,"16":0,"17":0,"18":0,"19":0,"20":3,"21":0,"22":0,"23":0,"24":3,"25":0,"26":0,"27":0,"28":0,"29":0,"30":0,"31":0,"32":0,"33":0,"34":0,"35":3,"36":0,"37":0,"38":0,"39":0,"40":3},"f":{"0":0,"1":0,"2":0,"3":0},"b":{"0":[0,0],"1":[0,0],"2":[0,0],"3":[0,0],"4":[0,0]},"_coverageSchema":"1a1c01bbd47fc00a2c39e90264f33305004495a9","hash":"c84f9715f8ccebdf435fb80e13b747bf8d665c7c"}
,"D:\\node\\startup\\config.js": {"path":"D:\\node\\startup\\config.js","statementMap":{"0":{"start":{"line":1,"column":15},"end":{"line":1,"column":32}},"1":{"start":{"line":2,"column":0},"end":{"line":9,"column":1}},"2":{"start":{"line":4,"column":4},"end":{"line":7,"column":5}},"3":{"start":{"line":5,"column":8},"end":{"line":5,"column":33}},"4":{"start":{"line":6,"column":8},"end":{"line":6,"column":24}}},"fnMap":{"0":{"name":"(anonymous_0)","decl":{"start":{"line":2,"column":17},"end":{"line":2,"column":18}},"loc":{"start":{"line":2,"column":23},"end":{"line":9,"column":1}},"line":2}},"branchMap":{"0":{"loc":{"start":{"line":4,"column":4},"end":{"line":7,"column":5}},"type":"if","locations":[{"start":{"line":4,"column":4},"end":{"line":7,"column":5}},{"start":{"line":4,"column":4},"end":{"line":7,"column":5}}],"line":4}},"s":{"0":3,"1":3,"2":3,"3":0,"4":0},"f":{"0":3},"b":{"0":[0,3]},"_coverageSchema":"1a1c01bbd47fc00a2c39e90264f33305004495a9","hash":"4fb8be74946c903da741f8a4d11780db3c057562"}
,"D:\\node\\startup\\db.js": {"path":"D:\\node\\startup\\db.js","statementMap":{"0":{"start":{"line":1,"column":17},"end":{"line":1,"column":36}},"1":{"start":{"line":2,"column":15},"end":{"line":2,"column":44}},"2":{"start":{"line":3,"column":15},"end":{"line":3,"column":32}},"3":{"start":{"line":4,"column":0},"end":{"line":11,"column":1}},"4":{"start":{"line":5,"column":4},"end":{"line":10,"column":10}},"5":{"start":{"line":6,"column":20},"end":{"line":6,"column":80}},"6":{"start":{"line":8,"column":12},"end":{"line":8,"column":28}},"7":{"start":{"line":9,"column":12},"end":{"line":9,"column":38}}},"fnMap":{"0":{"name":"(anonymous_0)","decl":{"start":{"line":4,"column":17},"end":{"line":4,"column":18}},"loc":{"start":{"line":4,"column":23},"end":{"line":11,"column":1}},"line":4},"1":{"name":"(anonymous_1)","decl":{"start":{"line":6,"column":14},"end":{"line":6,"column":15}},"loc":{"start":{"line":6,"column":20},"end":{"line":6,"column":80}},"line":6},"2":{"name":"(anonymous_2)","decl":{"start":{"line":7,"column":15},"end":{"line":7,"column":16}},"loc":{"start":{"line":7,"column":22},"end":{"line":10,"column":9}},"line":7}},"branchMap":{},"s":{"0":3,"1":3,"2":3,"3":3,"4":3,"5":3,"6":0,"7":0},"f":{"0":3,"1":3,"2":0},"b":{},"_coverageSchema":"1a1c01bbd47fc00a2c39e90264f33305004495a9","hash":"459f4be5965e5d1e88d22c1c386470bd5a31b6d5"}
,"D:\\node\\startup\\logging.js": {"path":"D:\\node\\startup\\logging.js","statementMap":{"0":{"start":{"line":1,"column":16},"end":{"line":1,"column":34}},"1":{"start":{"line":3,"column":15},"end":{"line":7,"column":2}},"2":{"start":{"line":9,"column":0},"end":{"line":9,"column":23}}},"fnMap":{},"branchMap":{},"s":{"0":3,"1":3,"2":3},"f":{},"b":{},"_coverageSchema":"1a1c01bbd47fc00a2c39e90264f33305004495a9","hash":"a983cfa64db491d867dd0e297318e033ed531805"}
,"D:\\node\\startup\\routes.js": {"path":"D:\\node\\startup\\routes.js","statementMap":{"0":{"start":{"line":1,"column":16},"end":{"line":1,"column":34}},"1":{"start":{"line":2,"column":20},"end":{"line":2,"column":52}},"2":{"start":{"line":3,"column":0},"end":{"line":25,"column":1}},"3":{"start":{"line":8,"column":8},"end":{"line":8,"column":31}},"4":{"start":{"line":9,"column":23},"end":{"line":9,"column":50}},"5":{"start":{"line":10,"column":26},"end":{"line":10,"column":56}},"6":{"start":{"line":11,"column":23},"end":{"line":11,"column":50}},"7":{"start":{"line":12,"column":24},"end":{"line":12,"column":52}},"8":{"start":{"line":13,"column":22},"end":{"line":13,"column":48}},"9":{"start":{"line":14,"column":21},"end":{"line":14,"column":46}},"10":{"start":{"line":15,"column":8},"end":{"line":15,"column":38}},"11":{"start":{"line":16,"column":8},"end":{"line":16,"column":44}},"12":{"start":{"line":17,"column":8},"end":{"line":17,"column":38}},"13":{"start":{"line":18,"column":8},"end":{"line":18,"column":40}},"14":{"start":{"line":19,"column":8},"end":{"line":19,"column":36}},"15":{"start":{"line":20,"column":8},"end":{"line":20,"column":34}},"16":{"start":{"line":23,"column":8},"end":{"line":23,"column":28}}},"fnMap":{"0":{"name":"(anonymous_0)","decl":{"start":{"line":3,"column":17},"end":{"line":3,"column":18}},"loc":{"start":{"line":3,"column":26},"end":{"line":25,"column":1}},"line":3}},"branchMap":{},"s":{"0":3,"1":3,"2":3,"3":3,"4":3,"5":3,"6":3,"7":3,"8":3,"9":3,"10":3,"11":3,"12":3,"13":3,"14":3,"15":3,"16":3},"f":{"0":3},"b":{},"_coverageSchema":"1a1c01bbd47fc00a2c39e90264f33305004495a9","hash":"ff6470683db689897ac65476a3027d0ab97a8743"}
}
